TestName,Status,StartTime,EndTime,ExecutionTime(ms),ErrorMessage\nGooglePageTest,FAILED,2025-11-04T01:29:23.443293100,2025-11-04T01:29:25.362202500,1919,Expected title to contain 'NONEXISTENT_TEXT'; but was: Google\nGitHubPageTest,FAILED,2025-11-04T01:29:25.362202500,2025-11-04T01:29:28.157541500,2795,Expected title to contain 'NONEXISTENT_TEXT'; but was: \n