TestName,Status,StartTime,EndTime,ExecutionTime(ms),ErrorMessage\nGooglePageTest,FAILED,2025-11-04T00:33:50.178695100,2025-11-04T00:33:52.328969100,2150,Expected title to contain 'NONEXISTENT_TEXT'; but was: Google\nGitHubPageTest,FAILED,2025-11-04T00:33:52.328969100,2025-11-04T00:33:57.545421900,5217,Expected title to contain 'NONEXISTENT_TEXT'; but was: GitHub · Change is constant. GitHub keeps you ahead. · GitHub\n