TestName,Status,StartTime,EndTime,ExecutionTime(ms),ErrorMessage\nGooglePageTest,FAILED,2025-11-04T00:48:26.339082800,2025-11-04T00:48:29.171837,2832,Expected title to contain 'NONEXISTENT_TEXT'; but was: Google\nGitHubPageTest,FAILED,2025-11-04T00:48:29.171837,2025-11-04T00:48:32.266291600,3095,Expected title to contain 'NONEXISTENT_TEXT'; but was: GitHub · Change is constant. GitHub keeps you ahead. · GitHub\n