TestName,Status,StartTime,EndTime,ExecutionTime(ms),ErrorMessage\nGooglePageTest,FAILED,2025-11-04T01:04:13.125349,2025-11-04T01:04:15.075159800,1950,Expected title to contain 'NONEXISTENT_TEXT'; but was: Google\nGitHubPageTest,FAILED,2025-11-04T01:04:15.075159800,2025-11-04T01:04:17.877984700,2802,Expected title to contain 'NONEXISTENT_TEXT'; but was: GitHub · Change is constant. GitHub keeps you ahead. · GitHub\n