TestName,Status,StartTime,EndTime,ExecutionTime(ms),ErrorMessage\nGooglePageTest,FAILED,2025-11-04T02:25:38.470660400,2025-11-04T02:25:40.622243800,2152,Expected title to contain 'NONEXISTENT_TEXT'; but was: Google\nGitHubPageTest,FAILED,2025-11-04T02:25:40.622243800,2025-11-04T02:25:44.776351800,4154,Expected title to contain 'NONEXISTENT_TEXT'; but was: GitHub · Change is constant. GitHub keeps you ahead. · GitHub\n