TestName,Status,StartTime,EndTime,ExecutionTime(ms),ErrorMessage\nGooglePageTest,FAILED,2025-11-04T01:12:15.059089300,2025-11-04T01:12:17.173190800,2114,Expected title to contain 'NONEXISTENT_TEXT'; but was: Google\nGitHubPageTest,FAILED,2025-11-04T01:12:17.173190800,2025-11-04T01:12:20.121701500,2948,Expected title to contain 'NONEXISTENT_TEXT'; but was: GitHub · Change is constant. GitHub keeps you ahead. · GitHub\n