<?xml version="1.0" encoding="UTF-8"?>\n<testsuite name="ScreenshotTest" tests="2" failures="2" time="0">\n  <testcase name="GooglePageTest" time="2.079">\n    <failure message="Expected title to contain &apos;NONEXISTENT_TEXT&apos;, but was: Google"></failure>\n  </testcase>\n  <testcase name="GitHubPageTest" time="3.298">\n    <failure message="Expected title to contain &apos;NONEXISTENT_TEXT&apos;, but was: GitHub · Change is constant. GitHub keeps you ahead. · GitHub"></failure>\n  </testcase>\n</testsuite>\n